Flutter crash report.
Please report a bug at https://github.com/flutter/flutter/issues.

## command

flutter run --machine --start-paused -d windows --devtools-server-address http://127.0.0.1:9100/ --target lib\main.dart

## exception

PathAccessException: PathAccessException: Cannot open file, path = 'C:\Users\uttam\OneDrive\Desktop\Flutter Applications\Task Management System\tms\windows\flutter\generated_plugin_registrant.h' (OS Error: The process cannot access the file because it is being used by another process.
, errno = 32)

```
#0      _File.throwIfError (dart:io/file_impl.dart:675:7)
#1      _File.openSync (dart:io/file_impl.dart:490:5)
#2      _File.writeAsBytesSync (dart:io/file_impl.dart:644:31)
#3      _File.writeAsStringSync (dart:io/file_impl.dart:668:5)
#4      ForwardingFile.writeAsStringSync (package:file/src/forwarding/forwarding_file.dart:150:16)
#5      ErrorHandlingFile.writeAsStringSync.<anonymous closure> (package:flutter_tools/src/base/error_handling_io.dart:266:22)
#6      _runSync (package:flutter_tools/src/base/error_handling_io.dart:587:14)
#7      ErrorHandlingFile.writeAsStringSync (package:flutter_tools/src/base/error_handling_io.dart:265:5)
#8      _renderTemplateToFile (package:flutter_tools/src/flutter_plugins.dart:33:8)
#9      _writeCppPluginRegistrant (package:flutter_tools/src/flutter_plugins.dart:937:3)
#10     writeWindowsPluginFiles (package:flutter_tools/src/flutter_plugins.dart:932:9)
#11     injectPlugins (package:flutter_tools/src/flutter_plugins.dart:1165:11)
<asynchronous suspension>
#12     FlutterProject.ensureReadyForPlatformSpecificTooling (package:flutter_tools/src/project.dart:372:5)
<asynchronous suspension>
#13     FlutterCommand.verifyThenRunCommand (package:flutter_tools/src/runner/flutter_command.dart:1451:7)
<asynchronous suspension>
#14     FlutterCommand.run.<anonymous closure> (package:flutter_tools/src/runner/flutter_command.dart:1301:27)
<asynchronous suspension>
#15     AppContext.run.<anonymous closure> (package:flutter_tools/src/base/context.dart:150:19)
<asynchronous suspension>
#16     CommandRunner.runCommand (package:args/command_runner.dart:212:13)
<asynchronous suspension>
#17     FlutterCommandRunner.runCommand.<anonymous closure> (package:flutter_tools/src/runner/flutter_command_runner.dart:288:9)
<asynchronous suspension>
#18     AppContext.run.<anonymous closure> (package:flutter_tools/src/base/context.dart:150:19)
<asynchronous suspension>
#19     FlutterCommandRunner.runCommand (package:flutter_tools/src/runner/flutter_command_runner.dart:236:5)
<asynchronous suspension>
#20     run.<anonymous closure>.<anonymous closure> (package:flutter_tools/runner.dart:64:9)
<asynchronous suspension>
#21     AppContext.run.<anonymous closure> (package:flutter_tools/src/base/context.dart:150:19)
<asynchronous suspension>
#22     main (package:flutter_tools/executable.dart:91:3)
<asynchronous suspension>
```

## flutter doctor

```
[!] Flutter (Channel beta, 3.9.0-0.2.pre, on Microsoft Windows [Version 10.0.22621.1555], locale en-US)
    • Flutter version 3.9.0-0.2.pre on channel beta at C:\src\flutter\flutter
    ! Warning: `dart` on your path resolves to C:\src\Dart\dart-sdk\bin\dart.exe, which is not inside your current Flutter SDK checkout at C:\src\flutter\flutter. Consider adding C:\src\flutter\flutter\bin to the front of your path.
    • Upstream repository https://github.com/flutter/flutter.git
    • Framework revision 0df8557c56 (5 weeks ago), 2023-03-23 22:02:01 -0500
    • Engine revision 1cc4b2d280
    • Dart version 3.0.0 (build 3.0.0-290.3.beta)
    • DevTools version 2.22.2
    • If those were intentional, you can disregard the above warnings; however it is recommended to use "git" directly to perform update checks and upgrades.

[✓] Windows Version (Installed version of Windows is version 10 or higher)

[✓] Android toolchain - develop for Android devices (Android SDK version 33.0.1)
    • Android SDK at C:\Users\uttam\AppData\Local\Android\sdk
    • Platform android-33, build-tools 33.0.1
    • Java binary at: C:\Program Files\Android\Android Studio\jre\bin\java
    • Java version OpenJDK Runtime Environment (build 11.0.13+0-b1751.21-8125866)
    • All Android licenses accepted.

[✓] Chrome - develop for the web
    • Chrome at C:\Program Files\Google\Chrome\Application\chrome.exe

[✓] Visual Studio - develop for Windows (Visual Studio Build Tools 2022 17.4.4)
    • Visual Studio at C:\Program Files (x86)\Microsoft Visual Studio\2022\BuildTools
    • Visual Studio Build Tools 2022 version 17.4.33213.308
    • Windows 10 SDK version 10.0.22000.0

[✓] Android Studio (version 2021.3)
    • Android Studio at C:\Program Files\Android\Android Studio
    • Flutter plugin can be installed from:
      🔨 https://plugins.jetbrains.com/plugin/9212-flutter
    • Dart plugin can be installed from:
      🔨 https://plugins.jetbrains.com/plugin/6351-dart
    • Java version OpenJDK Runtime Environment (build 11.0.13+0-b1751.21-8125866)

[✓] VS Code (version 1.77.3)
    • VS Code at C:\Users\uttam\AppData\Local\Programs\Microsoft VS Code
    • Flutter extension version 3.62.0

[✓] Connected device (3 available)
    • Windows (desktop) • windows • windows-x64    • Microsoft Windows [Version 10.0.22621.1555]
    • Chrome (web)      • chrome  • web-javascript • Google Chrome 112.0.5615.138
    • Edge (web)        • edge    • web-javascript • Microsoft Edge 112.0.1722.58

[✓] Network resources
    • All expected network resources are available.

! Doctor found issues in 1 category.
```
